including device/xiaomi/cancro/vendorsetup.sh
including device/oneplus/bacon/vendorsetup.sh
including device/google/sprout4/vendorsetup.sh
including device/htc/flounder/vendorsetup.sh
including device/samsung/hlte/vendorsetup.sh
including device/samsung/manta/vendorsetup.sh
including device/samsung/kltespr/vendorsetup.sh
including device/samsung/picassowifi/vendorsetup.sh
including device/asus/fugu/vendorsetup.sh
including device/moto/shamu/vendorsetup.sh
including device/sony/z3/vendorsetup.sh
including device/sony/z3c/vendorsetup.sh
including device/sony/scorpion/vendorsetup.sh
including device/sony/scorpion_windy/vendorsetup.sh
including device/lge/vs985/vendorsetup.sh
including device/lge/d850/vendorsetup.sh
including device/lge/d851/vendorsetup.sh
including device/lge/f400/vendorsetup.sh
including device/lge/d852/vendorsetup.sh
including device/lge/vs980/vendorsetup.sh
including device/lge/d800/vendorsetup.sh
including device/lge/d855/vendorsetup.sh
including device/lge/mako/vendorsetup.sh
including vendor/exodus/vendorsetup.sh
including sdk/bash_completion/adb.bash
including vendor/exodus/bash_completion/git.bash
including vendor/exodus/bash_completion/repo.bash
checking for changelog
Set cache size limit to 10.0 Gbytes
including vendor/exodus/vendorsetup.sh
Looking for dependencies
Found : device/google/sprout-common
Found : kernel/mediatek/sprout
Found : packages/apps/FMRadio
Found : vendor/google

** Prebuilt Chromium is up-to-date; Will be used for build **
============================================
PLATFORM_VERSION_CODENAME=REL
PLATFORM_VERSION=5.1.1
CM_VERSION=5.1-20150910-NIGHTLY-sprout4
TARGET_PRODUCT=exodus_sprout4
TARGET_BUILD_VARIANT=userdebug
TARGET_BUILD_TYPE=release
TARGET_BUILD_APPS=
TARGET_ARCH=arm
TARGET_ARCH_VARIANT=armv7-a-neon
TARGET_CPU_VARIANT=cortex-a7
TARGET_2ND_ARCH=
TARGET_2ND_ARCH_VARIANT=
TARGET_2ND_CPU_VARIANT=
HOST_ARCH=x86_64
HOST_OS=linux
HOST_OS_EXTRA=Linux-3.13.0-48-generic-x86_64-with-Ubuntu-14.04-trusty
HOST_BUILD_TYPE=release
BUILD_ID=LVY48E
OUT_DIR=/android/exodus-5.1/out
============================================

     ______               __           
    / ____/  ______  ____/ /_  _______ 
   / __/ | |/_/ __ \/ __  / / / / ___/ 
  / /____>  </ /_/ / /_/ / /_/ (__  )  
 /_____/_/|_|\____/\__,_/\__,_/____/   
 
  Team Exodus - Android 5.1.1
    by PrimeDirective && Team Exodus 
You're building on Linux

ccache is up to date

============================================
PLATFORM_VERSION_CODENAME=REL
PLATFORM_VERSION=5.1.1
CM_VERSION=5.1-20150910-NIGHTLY-sprout4
TARGET_PRODUCT=exodus_sprout4
TARGET_BUILD_VARIANT=userdebug
TARGET_BUILD_TYPE=release
TARGET_BUILD_APPS=
TARGET_ARCH=arm
TARGET_ARCH_VARIANT=armv7-a-neon
TARGET_CPU_VARIANT=cortex-a7
TARGET_2ND_ARCH=
TARGET_2ND_ARCH_VARIANT=
TARGET_2ND_CPU_VARIANT=
HOST_ARCH=x86_64
HOST_OS=linux
HOST_OS_EXTRA=Linux-3.13.0-48-generic-x86_64-with-Ubuntu-14.04-trusty
HOST_BUILD_TYPE=release
BUILD_ID=LVY48E
OUT_DIR=/android/exodus-5.1/out
============================================
Disabling ART_BUILD_TARGET_DEBUG
Disabling ART_BUILD_HOST_DEBUG
Enabling ART_USE_OPTIMIZING_COMPILER because of existence of art/USE_OPTIMIZING_COMPILER
"ebtables is disabled on this build"
find: `dummy': No such file or directory
find: `vendor/cm/build/tools/droiddoc/templates-cmsdk': No such file or directory
*** Overlay change detected, clean shared intermediate files...
*** rm -rf /android/exodus-5.1/out/target/common/obj/APPS/framework-res_intermediates /android/exodus-5.1/out/target/common/obj/APPS/SettingsProvider_intermediates
*** Obsolete aidl-generated files detected, clean intermediate files...
*** rm -rf /android/exodus-5.1/out/target/common/obj/JAVA_LIBRARIES/framework_intermediates/src
build/core/Makefile:46: warning: overriding commands for target `/android/exodus-5.1/out/target/product/sprout4/system/etc/permissions/android.software.live_wallpaper.xml'
build/core/base_rules.mk:550: warning: ignoring old commands for target `/android/exodus-5.1/out/target/product/sprout4/system/etc/permissions/android.software.live_wallpaper.xml'
build/core/Makefile:46: warning: overriding commands for target `/android/exodus-5.1/out/target/product/sprout4/system/bin/wpa_supplicant'
build/core/base_rules.mk:550: warning: ignoring old commands for target `/android/exodus-5.1/out/target/product/sprout4/system/bin/wpa_supplicant'
build/core/Makefile:46: warning: overriding commands for target `/android/exodus-5.1/out/target/product/sprout4/system/lib/libaudiopolicymanagerdefault.so'
build/core/base_rules.mk:550: warning: ignoring old commands for target `/android/exodus-5.1/out/target/product/sprout4/system/lib/libaudiopolicymanagerdefault.so'
build/core/Makefile:46: warning: overriding commands for target `/android/exodus-5.1/out/target/product/sprout4/system/lib/libcurl.so'
build/core/base_rules.mk:550: warning: ignoring old commands for target `/android/exodus-5.1/out/target/product/sprout4/system/lib/libcurl.so'
build/core/Makefile:46: warning: overriding commands for target `/android/exodus-5.1/out/target/product/sprout4/system/lib/libion.so'
build/core/base_rules.mk:550: warning: ignoring old commands for target `/android/exodus-5.1/out/target/product/sprout4/system/lib/libion.so'
build/core/Makefile:46: warning: overriding commands for target `/android/exodus-5.1/out/target/product/sprout4/system/vendor/lib/mediadrm/libdrmclearkeyplugin.so'
build/core/base_rules.mk:550: warning: ignoring old commands for target `/android/exodus-5.1/out/target/product/sprout4/system/vendor/lib/mediadrm/libdrmclearkeyplugin.so'
build/core/Makefile:46: warning: overriding commands for target `/android/exodus-5.1/out/target/product/sprout4/system/lib/libwebviewchromium_plat_support.so'
build/core/base_rules.mk:550: warning: ignoring old commands for target `/android/exodus-5.1/out/target/product/sprout4/system/lib/libwebviewchromium_plat_support.so'
build/core/Makefile:46: warning: overriding commands for target `/android/exodus-5.1/out/target/product/sprout4/system/lib/libwebviewchromium_loader.so'
build/core/base_rules.mk:550: warning: ignoring old commands for target `/android/exodus-5.1/out/target/product/sprout4/system/lib/libwebviewchromium_loader.so'
No private recovery resources for TARGET_DEVICE sprout4
Header: /android/exodus-5.1/out/target/product/sprout4/obj/include/libcurl/curl/curlbuild.h
Header: /android/exodus-5.1/out/target/product/sprout4/obj/include/libcurl/curl/curl.h
Header: /android/exodus-5.1/out/target/product/sprout4/obj/include/libcurl/curl/curlrules.h
Header: /android/exodus-5.1/out/target/product/sprout4/obj/include/libcurl/curl/curlver.h
Header: /android/exodus-5.1/out/target/product/sprout4/obj/include/libcurl/curl/easy.h
Header: /android/exodus-5.1/out/target/product/sprout4/obj/include/libcurl/curl/mprintf.h
Header: /android/exodus-5.1/out/target/product/sprout4/obj/include/libcurl/curl/multi.h
Header: /android/exodus-5.1/out/target/product/sprout4/obj/include/libcurl/curl/stdcheaders.h
Header: /android/exodus-5.1/out/target/product/sprout4/obj/include/libcurl/curl/typecheck-gcc.h
Header: /android/exodus-5.1/out/target/product/sprout4/obj/include/libexpat/expat.h
Header: /android/exodus-5.1/out/target/product/sprout4/obj/include/libexpat/expat_external.h
Header: /android/exodus-5.1/out/target/product/sprout4/obj/include/libpng/png.h
Header: /android/exodus-5.1/out/target/product/sprout4/obj/include/libpng/pngconf.h
Header: /android/exodus-5.1/out/target/product/sprout4/obj/include/libpng/pngusr.h
Header: /android/exodus-5.1/out/target/product/sprout4/obj/include/selinux/selinux.h
Header: /android/exodus-5.1/out/target/product/sprout4/obj/include/selinux/label.h
Header: /android/exodus-5.1/out/target/product/sprout4/obj/include/selinux/context.h
Header: /android/exodus-5.1/out/target/product/sprout4/obj/include/selinux/avc.h
Header: /android/exodus-5.1/out/target/product/sprout4/obj/include/selinux/android.h
Header: /android/exodus-5.1/out/target/product/sprout4/obj/include/protobuf-c/include/google/protobuf-c//protobuf-c.h
Header: /android/exodus-5.1/out/target/product/sprout4/obj/include/protobuf-c/include/google/protobuf-c//protobuf-c-private.h
Header: /android/exodus-5.1/out/target/product/sprout4/obj/include/libsonivox/eas.h
Header: /android/exodus-5.1/out/target/product/sprout4/obj/include/libsonivox/eas_types.h
Header: /android/exodus-5.1/out/target/product/sprout4/obj/include/libsonivox/eas_reverb.h
Header: /android/exodus-5.1/out/target/product/sprout4/obj/include/libsonivox/jet.h
Header: /android/exodus-5.1/out/target/product/sprout4/obj/include/libsonivox/ARM_synth_constants_gnu.inc
Header: /android/exodus-5.1/out/target/product/sprout4/obj/include/libwpa_client/wpa_ctrl.h
Header: /android/exodus-5.1/out/target/product/sprout4/obj/include/libwpa_client/qca-vendor.h
Header: /android/exodus-5.1/out/target/product/sprout4/obj/include/sdk/softap/include/qsap_api.h
mkdir -p /android/exodus-5.1/out/target/product/sprout4/obj/KERNEL_OBJ
Header: /android/exodus-5.1/out/target/product/sprout4/obj/include/sdk/softap/include/qsap.h
mkdir -p /android/exodus-5.1/out/target/product/sprout4/system/lib/modules
Notice file: external/sepolicy/NOTICE -- /android/exodus-5.1/out/target/product/sprout4/obj/NOTICE_FILES/src//root/file_contexts.txt
Export includes file: bionic/libc/Android.mk -- /android/exodus-5.1/out/target/product/sprout4/obj/SHARED_LIBRARIES/libc_intermediates/export_includes
Export includes file: bionic/libm/Android.mk -- /android/exodus-5.1/out/target/product/sprout4/obj/SHARED_LIBRARIES/libm_intermediates/export_includes
Export includes file: bionic/libc/Android.mk -- /android/exodus-5.1/out/target/product/sprout4/obj/SHARED_LIBRARIES/libstdc++_intermediates/export_includes
Export includes file: system/core/fs_mgr/Android.mk -- /android/exodus-5.1/out/target/product/sprout4/obj/STATIC_LIBRARIES/libfs_mgr_intermediates/export_includes
Export includes file: system/core/logwrapper/Android.mk -- /android/exodus-5.1/out/target/product/sprout4/obj/STATIC_LIBRARIES/liblogwrap_intermediates/export_includes
Export includes file: system/core/libcutils/Android.mk -- /android/exodus-5.1/out/target/product/sprout4/obj/STATIC_LIBRARIES/libcutils_intermediates/export_includes
Export includes file: system/core/liblog/Android.mk -- /android/exodus-5.1/out/target/product/sprout4/obj/STATIC_LIBRARIES/liblog_intermediates/export_includes
Export includes file: bionic/libc/Android.mk -- /android/exodus-5.1/out/target/product/sprout4/obj/STATIC_LIBRARIES/libc_intermediates/export_includes
Export includes file: external/libselinux/Android.mk -- /android/exodus-5.1/out/target/product/sprout4/obj/STATIC_LIBRARIES/libselinux_intermediates/export_includes
Export includes file: system/core/libmincrypt/Android.mk -- /android/exodus-5.1/out/target/product/sprout4/obj/STATIC_LIBRARIES/libmincrypt_intermediates/export_includes
Export includes file: system/extras/ext4_utils/Android.mk -- /android/exodus-5.1/out/target/product/sprout4/obj/STATIC_LIBRARIES/libext4_utils_static_intermediates/export_includes
Export includes file: external/e2fsprogs/lib/blkid/Android.mk -- /android/exodus-5.1/out/target/product/sprout4/obj/STATIC_LIBRARIES/libext2_blkid_intermediates/export_includes
Export includes file: external/e2fsprogs/lib/uuid/Android.mk -- /android/exodus-5.1/out/target/product/sprout4/obj/STATIC_LIBRARIES/libext2_uuid_static_intermediates/export_includes
Export includes file: external/lz4/Android.mk -- /android/exodus-5.1/out/target/product/sprout4/obj/STATIC_LIBRARIES/liblz4-static_intermediates/export_includes
Export includes file: system/core/libsparse/Android.mk -- /android/exodus-5.1/out/target/product/sprout4/obj/STATIC_LIBRARIES/libsparse_static_intermediates/export_includes
Export includes file: external/zlib/Android.mk -- /android/exodus-5.1/out/target/product/sprout4/obj/STATIC_LIBRARIES/libz_intermediates/export_includes
Export includes file: external/compiler-rt/Android.mk -- /android/exodus-5.1/out/target/product/sprout4/obj/STATIC_LIBRARIES/libcompiler_rt-extras_intermediates/export_includes
Export includes file: bionic/libdl/Android.mk -- /android/exodus-5.1/out/target/product/sprout4/obj/SHARED_LIBRARIES/libdl_intermediates/export_includes
Export includes file: bionic/libc/Android.mk -- /android/exodus-5.1/out/target/product/sprout4/obj/STATIC_LIBRARIES/libc_common_intermediates/export_includes
Export includes file: bionic/libc/Android.mk -- /android/exodus-5.1/out/target/product/sprout4/obj/STATIC_LIBRARIES/libc_aeabi_intermediates/export_includes
Export includes file: bionic/libc/Android.mk -- /android/exodus-5.1/out/target/product/sprout4/obj/STATIC_LIBRARIES/libc_bionic_intermediates/export_includes
Export includes file: bionic/libc/Android.mk -- /android/exodus-5.1/out/target/product/sprout4/obj/STATIC_LIBRARIES/libc_cxa_intermediates/export_includes
Export includes file: bionic/libc/Android.mk -- /android/exodus-5.1/out/target/product/sprout4/obj/STATIC_LIBRARIES/libc_dns_intermediates/export_includes
Export includes file: bionic/libc/Android.mk -- /android/exodus-5.1/out/target/product/sprout4/obj/STATIC_LIBRARIES/libc_freebsd_intermediates/export_includes
Export includes file: bionic/libc/Android.mk -- /android/exodus-5.1/out/target/product/sprout4/obj/STATIC_LIBRARIES/libc_gdtoa_intermediates/export_includes
Export includes file: bionic/libc/Android.mk -- /android/exodus-5.1/out/target/product/sprout4/obj/STATIC_LIBRARIES/libc_malloc_intermediates/export_includes
Export includes file: bionic/libc/Android.mk -- /android/exodus-5.1/out/target/product/sprout4/obj/STATIC_LIBRARIES/libc_netbsd_intermediates/export_includes
Export includes file: bionic/libc/Android.mk -- /android/exodus-5.1/out/target/product/sprout4/obj/STATIC_LIBRARIES/libc_openbsd_intermediates/export_includes
Export includes file: bionic/libc/Android.mk -- /android/exodus-5.1/out/target/product/sprout4/obj/STATIC_LIBRARIES/libc_stack_protector_intermediates/export_includes
Export includes file: bionic/libc/Android.mk -- /android/exodus-5.1/out/target/product/sprout4/obj/STATIC_LIBRARIES/libc_syscalls_intermediates/export_includes
Export includes file: bionic/libc/Android.mk -- /android/exodus-5.1/out/target/product/sprout4/obj/STATIC_LIBRARIES/libc_tzcode_intermediates/export_includes
Import includes file: /android/exodus-5.1/out/target/product/sprout4/obj/STATIC_LIBRARIES/libc_aeabi_intermediates/import_includes
Import includes file: /android/exodus-5.1/out/target/product/sprout4/obj/STATIC_LIBRARIES/libc_bionic_intermediates/import_includes
make: *** No rule to make target `bionic/libc/arch-arm/generic/bionic/memcmp.S', needed by `/android/exodus-5.1/out/target/product/sprout4/obj/STATIC_LIBRARIES/libc_bionic_intermediates/arch-arm/generic/bionic/memcmp.o'.  Stop.
make: *** Waiting for unfinished jobs....

#### make failed to build some targets (55 seconds) ####


real	0m54.987s
user	0m40.467s
sys	0m13.189s
build/envsetup.sh: line 541: notify-send: command not found
Build failed
/android/exodus-5.1/out/target/product/sprout4 removed
