including device/xiaomi/cancro/vendorsetup.sh
including device/oneplus/oneplus2/vendorsetup.sh
including device/oneplus/bacon/vendorsetup.sh
including device/google/sprout4/vendorsetup.sh
including device/htc/flounder/vendorsetup.sh
including device/samsung/hlte/vendorsetup.sh
including device/samsung/manta/vendorsetup.sh
including device/samsung/kltespr/vendorsetup.sh
including device/samsung/picassowifi/vendorsetup.sh
including device/samsung/i9500/vendorsetup.sh
including device/asus/fugu/vendorsetup.sh
including device/moto/shamu/vendorsetup.sh
including device/sony/z3/vendorsetup.sh
including device/sony/z3c/vendorsetup.sh
including device/sony/scorpion/vendorsetup.sh
including device/sony/scorpion_windy/vendorsetup.sh
including device/lge/vs985/vendorsetup.sh
including device/lge/d850/vendorsetup.sh
including device/lge/d851/vendorsetup.sh
including device/lge/f400/vendorsetup.sh
including device/lge/d852/vendorsetup.sh
including device/lge/vs980/vendorsetup.sh
including device/lge/d800/vendorsetup.sh
including device/lge/d855/vendorsetup.sh
including device/lge/mako/vendorsetup.sh
including vendor/exodus/vendorsetup.sh
including sdk/bash_completion/adb.bash
including vendor/exodus/bash_completion/git.bash
including vendor/exodus/bash_completion/repo.bash
checking for changelog
Set cache size limit to 10.0 Gbytes
including vendor/exodus/vendorsetup.sh
Looking for dependencies
Found : device/oppo/find7-common
Found : vendor/oppo

** Prebuilt Chromium is up-to-date; Will be used for build **
============================================
PLATFORM_VERSION_CODENAME=REL
PLATFORM_VERSION=5.1.1
CM_VERSION=5.1-20150922-NIGHTLY-find7
TARGET_PRODUCT=exodus_find7
TARGET_BUILD_VARIANT=userdebug
TARGET_BUILD_TYPE=release
TARGET_BUILD_APPS=
TARGET_ARCH=arm
TARGET_ARCH_VARIANT=armv7-a-neon
TARGET_CPU_VARIANT=krait
TARGET_2ND_ARCH=
TARGET_2ND_ARCH_VARIANT=
TARGET_2ND_CPU_VARIANT=
HOST_ARCH=x86_64
HOST_OS=linux
HOST_OS_EXTRA=Linux-3.13.0-48-generic-x86_64-with-Ubuntu-14.04-trusty
HOST_BUILD_TYPE=release
BUILD_ID=LVY48F
OUT_DIR=/android/exodus-5.1/out
============================================

     ______               __           
    / ____/  ______  ____/ /_  _______ 
   / __/ | |/_/ __ \/ __  / / / / ___/ 
  / /____>  </ /_/ / /_/ / /_/ (__  )  
 /_____/_/|_|\____/\__,_/\__,_/____/   
 
  Team Exodus - Android 5.1.1
    by PrimeDirective && Team Exodus 
You're building on Linux

We will use 6 threads for building ROM
ccache is up to date

============================================
PLATFORM_VERSION_CODENAME=REL
PLATFORM_VERSION=5.1.1
CM_VERSION=5.1-20150922-NIGHTLY-find7
TARGET_PRODUCT=exodus_find7
TARGET_BUILD_VARIANT=userdebug
TARGET_BUILD_TYPE=release
TARGET_BUILD_APPS=
TARGET_ARCH=arm
TARGET_ARCH_VARIANT=armv7-a-neon
TARGET_CPU_VARIANT=krait
TARGET_2ND_ARCH=
TARGET_2ND_ARCH_VARIANT=
TARGET_2ND_CPU_VARIANT=
HOST_ARCH=x86_64
HOST_OS=linux
HOST_OS_EXTRA=Linux-3.13.0-48-generic-x86_64-with-Ubuntu-14.04-trusty
HOST_BUILD_TYPE=release
BUILD_ID=LVY48F
OUT_DIR=/android/exodus-5.1/out
============================================
Disabling ART_BUILD_TARGET_DEBUG
Disabling ART_BUILD_HOST_DEBUG
Enabling ART_USE_OPTIMIZING_COMPILER because of existence of art/USE_OPTIMIZING_COMPILER
find: `dummy': No such file or directory
find: `vendor/cm/build/tools/droiddoc/templates-cmsdk': No such file or directory
*** Overlay change detected, clean shared intermediate files...
*** rm -rf /android/exodus-5.1/out/target/common/obj/APPS/Telecom_intermediates /android/exodus-5.1/out/target/common/obj/APPS/Settings_intermediates /android/exodus-5.1/out/target/common/obj/APPS/framework-res_intermediates /android/exodus-5.1/out/target/common/obj/APPS/Dialer_intermediates /android/exodus-5.1/out/target/common/obj/APPS/TeleService_intermediates /android/exodus-5.1/out/target/common/obj/APPS/SettingsProvider_intermediates /android/exodus-5.1/out/target/common/obj/APPS/SystemUI_intermediates
build/core/Makefile:46: warning: overriding commands for target `/android/exodus-5.1/out/target/product/find7/system/lib/libwebviewchromium_plat_support.so'
build/core/base_rules.mk:550: warning: ignoring old commands for target `/android/exodus-5.1/out/target/product/find7/system/lib/libwebviewchromium_plat_support.so'
build/core/Makefile:46: warning: overriding commands for target `/android/exodus-5.1/out/target/product/find7/system/lib/libwebviewchromium_loader.so'
build/core/base_rules.mk:550: warning: ignoring old commands for target `/android/exodus-5.1/out/target/product/find7/system/lib/libwebviewchromium_loader.so'
No private recovery resources for TARGET_DEVICE find7
device/oppo/msm8974-common/mkbootimg.mk:21: warning: overriding commands for target `/android/exodus-5.1/out/target/product/find7/dt.img'
build/core/generate_extra_images.mk:109: warning: ignoring old commands for target `/android/exodus-5.1/out/target/product/find7/dt.img'
build/core/tasks/kernel.mk:106: ***************************************************************
build/core/tasks/kernel.mk:107: * Using prebuilt kernel binary instead of source              *
build/core/tasks/kernel.mk:108: * THIS IS DEPRECATED, AND WILL BE DISCONTINUED                *
build/core/tasks/kernel.mk:109: * Please configure your device to download the kernel         *
build/core/tasks/kernel.mk:110: * source repository to kernel/oppo/msm8974
build/core/tasks/kernel.mk:111: * See http://wiki.cyanogenmod.org/w/Doc:_integrated_kernel_building
build/core/tasks/kernel.mk:112: * for more information                                        *
build/core/tasks/kernel.mk:113: ***************************************************************
Header: /android/exodus-5.1/out/target/product/find7/obj/include/libloc_core//MsgTask.h
Header: /android/exodus-5.1/out/target/product/find7/obj/include/libloc_core//LocApiBase.h
Header: /android/exodus-5.1/out/target/product/find7/obj/include/libloc_core//LocAdapterBase.h
Header: /android/exodus-5.1/out/target/product/find7/obj/include/libloc_core//ContextBase.h
Header: /android/exodus-5.1/out/target/product/find7/obj/include/libloc_core//LocDualContext.h
Header: /android/exodus-5.1/out/target/product/find7/obj/include/libloc_core//LBSProxyBase.h
Header: /android/exodus-5.1/out/target/product/find7/obj/include/libloc_core//UlpProxyBase.h
Header: /android/exodus-5.1/out/target/product/find7/obj/include/libloc_core//gps_extended_c.h
Header: /android/exodus-5.1/out/target/product/find7/obj/include/libloc_core//gps_extended.h
Header: /android/exodus-5.1/out/target/product/find7/obj/include/libloc_core//loc_core_log.h
Header: /android/exodus-5.1/out/target/product/find7/obj/include/libloc_core//LocAdapterProxyBase.h
Header: /android/exodus-5.1/out/target/product/find7/obj/include/libloc_eng//LocEngAdapter.h
Header: /android/exodus-5.1/out/target/product/find7/obj/include/libloc_eng//loc.h
Header: /android/exodus-5.1/out/target/product/find7/obj/include/libloc_eng//loc_eng.h
Header: /android/exodus-5.1/out/target/product/find7/obj/include/libloc_eng//loc_eng_xtra.h
Header: /android/exodus-5.1/out/target/product/find7/obj/include/libloc_eng//loc_eng_ni.h
Header: /android/exodus-5.1/out/target/product/find7/obj/include/libloc_eng//loc_eng_agps.h
Header: /android/exodus-5.1/out/target/product/find7/obj/include/libloc_eng//loc_eng_msg.h
Header: /android/exodus-5.1/out/target/product/find7/obj/include/libloc_eng//loc_eng_log.h
Header: /android/exodus-5.1/out/target/product/find7/obj/include/gps.utils//loc_log.h
Header: /android/exodus-5.1/out/target/product/find7/obj/include/gps.utils//loc_cfg.h
Header: /android/exodus-5.1/out/target/product/find7/obj/include/gps.utils//log_util.h
Header: /android/exodus-5.1/out/target/product/find7/obj/include/gps.utils//linked_list.h
Header: /android/exodus-5.1/out/target/product/find7/obj/include/gps.utils//msg_q.h
Header: /android/exodus-5.1/out/target/product/find7/obj/include/gps.utils//loc_target.h
Header: /android/exodus-5.1/out/target/product/find7/obj/include/gps.utils//loc_timer.h
Header: /android/exodus-5.1/out/target/product/find7/obj/include/gps.utils//platform_lib_includes.h
Header: /android/exodus-5.1/out/target/product/find7/obj/include/gps.utils//platform_lib_time.h
Header: /android/exodus-5.1/out/target/product/find7/obj/include/gps.utils//platform_lib_macros.h
Header: /android/exodus-5.1/out/target/product/find7/obj/include/gps.utils//loc_misc_utils.h
Header: /android/exodus-5.1/out/target/product/find7/obj/include/libcurl/curl/curlbuild.h
Header: /android/exodus-5.1/out/target/product/find7/obj/include/libcurl/curl/curl.h
Header: /android/exodus-5.1/out/target/product/find7/obj/include/libcurl/curl/curlrules.h
Header: /android/exodus-5.1/out/target/product/find7/obj/include/libcurl/curl/curlver.h
Header: /android/exodus-5.1/out/target/product/find7/obj/include/libcurl/curl/easy.h
Header: /android/exodus-5.1/out/target/product/find7/obj/include/libcurl/curl/mprintf.h
Header: /android/exodus-5.1/out/target/product/find7/obj/include/libcurl/curl/multi.h
Header: /android/exodus-5.1/out/target/product/find7/obj/include/libcurl/curl/stdcheaders.h
Header: /android/exodus-5.1/out/target/product/find7/obj/include/libcurl/curl/typecheck-gcc.h
Header: /android/exodus-5.1/out/target/product/find7/obj/include/libexpat/expat.h
Header: /android/exodus-5.1/out/target/product/find7/obj/include/libexpat/expat_external.h
Header: /android/exodus-5.1/out/target/product/find7/obj/include/libpng/png.h
Header: /android/exodus-5.1/out/target/product/find7/obj/include/libpng/pngconf.h
Header: /android/exodus-5.1/out/target/product/find7/obj/include/libpng/pngusr.h
Header: /android/exodus-5.1/out/target/product/find7/obj/include/selinux/selinux.h
Header: /android/exodus-5.1/out/target/product/find7/obj/include/selinux/label.h
Header: /android/exodus-5.1/out/target/product/find7/obj/include/selinux/context.h
Header: /android/exodus-5.1/out/target/product/find7/obj/include/selinux/avc.h
Header: /android/exodus-5.1/out/target/product/find7/obj/include/selinux/android.h
Header: /android/exodus-5.1/out/target/product/find7/obj/include/protobuf-c/include/google/protobuf-c//protobuf-c.h
Header: /android/exodus-5.1/out/target/product/find7/obj/include/protobuf-c/include/google/protobuf-c//protobuf-c-private.h
Header: /android/exodus-5.1/out/target/product/find7/obj/include/libsonivox/eas.h
Header: /android/exodus-5.1/out/target/product/find7/obj/include/libsonivox/eas_types.h
Header: /android/exodus-5.1/out/target/product/find7/obj/include/libsonivox/eas_reverb.h
Header: /android/exodus-5.1/out/target/product/find7/obj/include/libsonivox/jet.h
Header: /android/exodus-5.1/out/target/product/find7/obj/include/libsonivox/ARM_synth_constants_gnu.inc
Header: /android/exodus-5.1/out/target/product/find7/obj/include/libwpa_client/wpa_ctrl.h
Header: /android/exodus-5.1/out/target/product/find7/obj/include/libwpa_client/qca-vendor.h
Header: /android/exodus-5.1/out/target/product/find7/obj/include/mm-audio/audio_defs.h
Header: /android/exodus-5.1/out/target/product/find7/obj/include/qcom/display/gralloc_priv.h
Header: /android/exodus-5.1/out/target/product/find7/obj/include/qcom/display/copybit.h
Header: /android/exodus-5.1/out/target/product/find7/obj/include/qcom/display/copybit_priv.h
Header: /android/exodus-5.1/out/target/product/find7/obj/include/qcom/display/display_config.h
Header: /android/exodus-5.1/out/target/product/find7/obj/include/qcom/display/mdp_version.h
Header: /android/exodus-5.1/out/target/product/find7/obj/include/qcom/display/qdMetaData.h
Header: /android/exodus-5.1/out/target/product/find7/obj/include/qcom/display/IQService.h
Header: /android/exodus-5.1/out/target/product/find7/obj/include/qcom/display/IQClient.h
Header: /android/exodus-5.1/out/target/product/find7/obj/include/mm-core/omxcore/OMX_Audio.h
Header: /android/exodus-5.1/out/target/product/find7/obj/include/mm-core/omxcore/OMX_Component.h
Header: /android/exodus-5.1/out/target/product/find7/obj/include/mm-core/omxcore/OMX_ContentPipe.h
Header: /android/exodus-5.1/out/target/product/find7/obj/include/mm-core/omxcore/OMX_Core.h
Header: /android/exodus-5.1/out/target/product/find7/obj/include/mm-core/omxcore/OMX_Image.h
Header: /android/exodus-5.1/out/target/product/find7/obj/include/mm-core/omxcore/OMX_Index.h
Header: /android/exodus-5.1/out/target/product/find7/obj/include/mm-core/omxcore/OMX_IVCommon.h
Header: /android/exodus-5.1/out/target/product/find7/obj/include/mm-core/omxcore/OMX_Other.h
Header: /android/exodus-5.1/out/target/product/find7/obj/include/mm-core/omxcore/OMX_QCOMExtns.h
Header: /android/exodus-5.1/out/target/product/find7/obj/include/mm-core/omxcore/OMX_Types.h
Header: /android/exodus-5.1/out/target/product/find7/obj/include/mm-core/omxcore/OMX_Video.h
Header: /android/exodus-5.1/out/target/product/find7/obj/include/mm-core/omxcore/qc_omx_common.h
Header: /android/exodus-5.1/out/target/product/find7/obj/include/mm-core/omxcore/qc_omx_component.h
Header: /android/exodus-5.1/out/target/product/find7/obj/include/mm-core/omxcore/qc_omx_msg.h
Header: /android/exodus-5.1/out/target/product/find7/obj/include/mm-core/omxcore/QOMX_AudioExtensions.h
Header: /android/exodus-5.1/out/target/product/find7/obj/include/mm-core/omxcore/QOMX_AudioIndexExtensions.h
Header: /android/exodus-5.1/out/target/product/find7/obj/include/mm-core/omxcore/OMX_CoreExt.h
Header: /android/exodus-5.1/out/target/product/find7/obj/include/mm-core/omxcore/QOMX_CoreExtensions.h
Header: /android/exodus-5.1/out/target/product/find7/obj/include/mm-core/omxcore/QOMX_FileFormatExtensions.h
Header: /android/exodus-5.1/out/target/product/find7/obj/include/mm-core/omxcore/QOMX_IVCommonExtensions.h
Header: /android/exodus-5.1/out/target/product/find7/obj/include/mm-core/omxcore/QOMX_SourceExtensions.h
Header: /android/exodus-5.1/out/target/product/find7/obj/include/mm-core/omxcore/QOMX_VideoExtensions.h
Header: /android/exodus-5.1/out/target/product/find7/obj/include/mm-core/omxcore/OMX_IndexExt.h
Header: /android/exodus-5.1/out/target/product/find7/obj/include/mm-core/omxcore/OMX_VideoExt.h
Header: /android/exodus-5.1/out/target/product/find7/obj/include/mm-core/omxcore/QOMX_StreamingExtensions.h
Header: /android/exodus-5.1/out/target/product/find7/obj/include/mm-core/omxcore/QCMediaDefs.h
Header: /android/exodus-5.1/out/target/product/find7/obj/include/mm-core/omxcore/QCMetaData.h
Header: /android/exodus-5.1/out/target/product/find7/obj/include/mm-video/DivxDrmDecrypt/DivXDrmDecrypt.h
Header: /android/exodus-5.1/out/target/product/find7/obj/include/sdk/softap/include/qsap_api.h
make: *** No rule to make target `/android/exodus-5.1/out/target/product/find7/kernel', needed by `/android/exodus-5.1/out/target/product/find7/boot.img'.  Stop.
make: *** Waiting for unfinished jobs....
Header: /android/exodus-5.1/out/target/product/find7/obj/include/sdk/softap/include/qsap.h

#### make failed to build some targets (50 seconds) ####


real	0m50.557s
user	0m38.202s
sys	0m12.574s
build/envsetup.sh: line 541: notify-send: command not found
Build failed
/android/exodus-5.1/out/target/product/find7 removed
